2019/07/17 07:07:38 [error] [exception.CException] exception 'CException' with message 'Property "CWebApplication.home" is not defined.' in E:\projects\yxbeauty\framework\base\CComponent.php:131
Stack trace:
#0 E:\projects\yxbeauty\framework\base\CModule.php(88): CComponent->__get('home')
#1 E:\projects\yxbeauty\yxbeauty\protected\controllers\UserController.php(87): CModule->__get('home')
#2 E:\projects\yxbeauty\framework\web\actions\CInlineAction.php(57): UserController->actionCreate()
#3 E:\projects\yxbeauty\framework\web\CController.php(300): CInlineAction->run()
#4 E:\projects\yxbeauty\framework\web\filters\CFilterChain.php(133): CController->runAction(Object(CInlineAction))
#5 E:\projects\yxbeauty\framework\web\filters\CFilter.php(41): CFilterChain->run()
#6 E:\projects\yxbeauty\framework\web\CController.php(1084): CFilter->filter(Object(CFilterChain))
#7 E:\projects\yxbeauty\framework\web\filters\CInlineFilter.php(59): CController->filterAccessControl(Object(CFilterChain))
#8 E:\projects\yxbeauty\framework\web\filters\CFilterChain.php(130): CInlineFilter->filter(Object(CFilterChain))
#9 E:\projects\yxbeauty\framework\web\CController.php(283): CFilterChain->run()
#10 E:\projects\yxbeauty\framework\web\CController.php(257): CController->runActionWithFilters(Object(CInlineAction), Array)
#11 E:\projects\yxbeauty\framework\web\CWebApplication.php(324): CController->run('create')
#12 E:\projects\yxbeauty\framework\web\CWebApplication.php(121): CWebApplication->runController('user/create')
#13 E:\projects\yxbeauty\framework\base\CApplication.php(135): CWebApplication->processRequest()
#14 E:\projects\yxbeauty\yxbeauty\index.php(13): CApplication->run()
#15 {main} REQUEST_URI=/yxbeauty/index.php?r=user/create
2019/07/17 07:49:26 [error] [exception.CHttpException.404] exception 'CHttpException' with message 'The requested page does not exist.' in E:\projects\yxbeauty\yxbeauty\protected\controllers\UserController.php:178
Stack trace:
#0 E:\projects\yxbeauty\yxbeauty\protected\controllers\UserController.php(58): UserController->loadModel('')
#1 [internal function]: UserController->actionView('')
#2 E:\projects\yxbeauty\framework\web\actions\CInlineAction.php(54): ReflectionMethod->invokeArgs(Object(UserController), Array)
#3 E:\projects\yxbeauty\framework\web\CController.php(300): CInlineAction->run()
#4 E:\projects\yxbeauty\framework\web\filters\CFilterChain.php(133): CController->runAction(Object(CInlineAction))
#5 E:\projects\yxbeauty\framework\web\filters\CFilter.php(41): CFilterChain->run()
#6 E:\projects\yxbeauty\framework\web\CController.php(1084): CFilter->filter(Object(CFilterChain))
#7 E:\projects\yxbeauty\framework\web\filters\CInlineFilter.php(59): CController->filterAccessControl(Object(CFilterChain))
#8 E:\projects\yxbeauty\framework\web\filters\CFilterChain.php(130): CInlineFilter->filter(Object(CFilterChain))
#9 E:\projects\yxbeauty\framework\web\CController.php(283): CFilterChain->run()
#10 E:\projects\yxbeauty\framework\web\CController.php(257): CController->runActionWithFilters(Object(CInlineAction), Array)
#11 E:\projects\yxbeauty\framework\web\CWebApplication.php(324): CController->run('view')
#12 E:\projects\yxbeauty\framework\web\CWebApplication.php(121): CWebApplication->runController('user/view')
#13 E:\projects\yxbeauty\framework\base\CApplication.php(135): CWebApplication->processRequest()
#14 E:\projects\yxbeauty\yxbeauty\index.php(13): CApplication->run()
#15 {main} REQUEST_URI=/yxbeauty/index.php?r=user/view&id
2019/07/17 08:08:59 [error] [exception.CHttpException.404] exception 'CHttpException' with message 'The requested page does not exist.' in E:\projects\yxbeauty\yxbeauty\protected\controllers\UserController.php:183
Stack trace:
#0 E:\projects\yxbeauty\yxbeauty\protected\controllers\UserController.php(58): UserController->loadModel('')
#1 [internal function]: UserController->actionView('')
#2 E:\projects\yxbeauty\framework\web\actions\CInlineAction.php(54): ReflectionMethod->invokeArgs(Object(UserController), Array)
#3 E:\projects\yxbeauty\framework\web\CController.php(300): CInlineAction->run()
#4 E:\projects\yxbeauty\framework\web\filters\CFilterChain.php(133): CController->runAction(Object(CInlineAction))
#5 E:\projects\yxbeauty\framework\web\filters\CFilter.php(41): CFilterChain->run()
#6 E:\projects\yxbeauty\framework\web\CController.php(1084): CFilter->filter(Object(CFilterChain))
#7 E:\projects\yxbeauty\framework\web\filters\CInlineFilter.php(59): CController->filterAccessControl(Object(CFilterChain))
#8 E:\projects\yxbeauty\framework\web\filters\CFilterChain.php(130): CInlineFilter->filter(Object(CFilterChain))
#9 E:\projects\yxbeauty\framework\web\CController.php(283): CFilterChain->run()
#10 E:\projects\yxbeauty\framework\web\CController.php(257): CController->runActionWithFilters(Object(CInlineAction), Array)
#11 E:\projects\yxbeauty\framework\web\CWebApplication.php(324): CController->run('view')
#12 E:\projects\yxbeauty\framework\web\CWebApplication.php(121): CWebApplication->runController('user/view')
#13 E:\projects\yxbeauty\framework\base\CApplication.php(135): CWebApplication->processRequest()
#14 E:\projects\yxbeauty\yxbeauty\index.php(13): CApplication->run()
#15 {main} REQUEST_URI=/yxbeauty/index.php?r=user/view&id
2019/07/17 08:24:02 [error] [php] Undefined variable: file_path (E:\projects\yxbeauty\yxbeauty\protected\controllers\UserController.php:134)
Stack trace:
#0 E:\projects\yxbeauty\framework\web\CController.php(300): CInlineAction->run()
#1 E:\projects\yxbeauty\framework\web\filters\CFilterChain.php(133): UserController->runAction()
#2 E:\projects\yxbeauty\framework\web\filters\CFilter.php(41): CFilterChain->run()
#3 E:\projects\yxbeauty\framework\web\CController.php(1084): CAccessControlFilter->filter()
#4 E:\projects\yxbeauty\framework\web\filters\CInlineFilter.php(59): UserController->filterAccessControl()
#5 E:\projects\yxbeauty\framework\web\filters\CFilterChain.php(130): CInlineFilter->filter()
#6 E:\projects\yxbeauty\framework\web\CController.php(283): CFilterChain->run()
#7 E:\projects\yxbeauty\framework\web\CController.php(257): UserController->runActionWithFilters()
#8 E:\projects\yxbeauty\framework\web\CWebApplication.php(324): UserController->run()
#9 E:\projects\yxbeauty\framework\web\CWebApplication.php(121): CWebApplication->runController()
#10 E:\projects\yxbeauty\framework\base\CApplication.php(135): CWebApplication->processRequest()
#11 E:\projects\yxbeauty\yxbeauty\index.php(13): CWebApplication->run()
REQUEST_URI=/yxbeauty/index.php?r=user/update&id=49
in E:\projects\yxbeauty\yxbeauty\protected\controllers\UserController.php (134)
in E:\projects\yxbeauty\yxbeauty\index.php (13)
2019/07/17 08:25:30 [error] [php] Undefined variable: file_path (E:\projects\yxbeauty\yxbeauty\protected\controllers\UserController.php:134)
Stack trace:
#0 E:\projects\yxbeauty\framework\web\CController.php(300): CInlineAction->run()
#1 E:\projects\yxbeauty\framework\web\filters\CFilterChain.php(133): UserController->runAction()
#2 E:\projects\yxbeauty\framework\web\filters\CFilter.php(41): CFilterChain->run()
#3 E:\projects\yxbeauty\framework\web\CController.php(1084): CAccessControlFilter->filter()
#4 E:\projects\yxbeauty\framework\web\filters\CInlineFilter.php(59): UserController->filterAccessControl()
#5 E:\projects\yxbeauty\framework\web\filters\CFilterChain.php(130): CInlineFilter->filter()
#6 E:\projects\yxbeauty\framework\web\CController.php(283): CFilterChain->run()
#7 E:\projects\yxbeauty\framework\web\CController.php(257): UserController->runActionWithFilters()
#8 E:\projects\yxbeauty\framework\web\CWebApplication.php(324): UserController->run()
#9 E:\projects\yxbeauty\framework\web\CWebApplication.php(121): CWebApplication->runController()
#10 E:\projects\yxbeauty\framework\base\CApplication.php(135): CWebApplication->processRequest()
#11 E:\projects\yxbeauty\yxbeauty\index.php(13): CWebApplication->run()
REQUEST_URI=/yxbeauty/index.php?r=user/update&id=49
in E:\projects\yxbeauty\yxbeauty\protected\controllers\UserController.php (134)
in E:\projects\yxbeauty\yxbeauty\index.php (13)
2019/07/17 08:26:30 [error] [php] Creating default object from empty value (E:\projects\yxbeauty\yxbeauty\protected\controllers\UserController.php:111)
Stack trace:
#0 E:\projects\yxbeauty\framework\web\CController.php(300): CInlineAction->run()
#1 E:\projects\yxbeauty\framework\web\filters\CFilterChain.php(133): UserController->runAction()
#2 E:\projects\yxbeauty\framework\web\filters\CFilter.php(41): CFilterChain->run()
#3 E:\projects\yxbeauty\framework\web\CController.php(1084): CAccessControlFilter->filter()
#4 E:\projects\yxbeauty\framework\web\filters\CInlineFilter.php(59): UserController->filterAccessControl()
#5 E:\projects\yxbeauty\framework\web\filters\CFilterChain.php(130): CInlineFilter->filter()
#6 E:\projects\yxbeauty\framework\web\CController.php(283): CFilterChain->run()
#7 E:\projects\yxbeauty\framework\web\CController.php(257): UserController->runActionWithFilters()
#8 E:\projects\yxbeauty\framework\web\CWebApplication.php(324): UserController->run()
#9 E:\projects\yxbeauty\framework\web\CWebApplication.php(121): CWebApplication->runController()
#10 E:\projects\yxbeauty\framework\base\CApplication.php(135): CWebApplication->processRequest()
#11 E:\projects\yxbeauty\yxbeauty\index.php(13): CWebApplication->run()
REQUEST_URI=/yxbeauty/index.php?r=user/update&id=49
in E:\projects\yxbeauty\yxbeauty\protected\controllers\UserController.php (111)
in E:\projects\yxbeauty\yxbeauty\index.php (13)
2019/07/17 08:26:35 [error] [php] Creating default object from empty value (E:\projects\yxbeauty\yxbeauty\protected\controllers\UserController.php:111)
Stack trace:
#0 E:\projects\yxbeauty\framework\web\CController.php(300): CInlineAction->run()
#1 E:\projects\yxbeauty\framework\web\filters\CFilterChain.php(133): UserController->runAction()
#2 E:\projects\yxbeauty\framework\web\filters\CFilter.php(41): CFilterChain->run()
#3 E:\projects\yxbeauty\framework\web\CController.php(1084): CAccessControlFilter->filter()
#4 E:\projects\yxbeauty\framework\web\filters\CInlineFilter.php(59): UserController->filterAccessControl()
#5 E:\projects\yxbeauty\framework\web\filters\CFilterChain.php(130): CInlineFilter->filter()
#6 E:\projects\yxbeauty\framework\web\CController.php(283): CFilterChain->run()
#7 E:\projects\yxbeauty\framework\web\CController.php(257): UserController->runActionWithFilters()
#8 E:\projects\yxbeauty\framework\web\CWebApplication.php(324): UserController->run()
#9 E:\projects\yxbeauty\framework\web\CWebApplication.php(121): CWebApplication->runController()
#10 E:\projects\yxbeauty\framework\base\CApplication.php(135): CWebApplication->processRequest()
#11 E:\projects\yxbeauty\yxbeauty\index.php(13): CWebApplication->run()
REQUEST_URI=/yxbeauty/index.php?r=user/update&id=49
in E:\projects\yxbeauty\yxbeauty\protected\controllers\UserController.php (111)
in E:\projects\yxbeauty\yxbeauty\index.php (13)
2019/07/17 08:27:17 [error] [php] Undefined variable: file_path (E:\projects\yxbeauty\yxbeauty\protected\controllers\UserController.php:134)
Stack trace:
#0 E:\projects\yxbeauty\framework\web\CController.php(300): CInlineAction->run()
#1 E:\projects\yxbeauty\framework\web\filters\CFilterChain.php(133): UserController->runAction()
#2 E:\projects\yxbeauty\framework\web\filters\CFilter.php(41): CFilterChain->run()
#3 E:\projects\yxbeauty\framework\web\CController.php(1084): CAccessControlFilter->filter()
#4 E:\projects\yxbeauty\framework\web\filters\CInlineFilter.php(59): UserController->filterAccessControl()
#5 E:\projects\yxbeauty\framework\web\filters\CFilterChain.php(130): CInlineFilter->filter()
#6 E:\projects\yxbeauty\framework\web\CController.php(283): CFilterChain->run()
#7 E:\projects\yxbeauty\framework\web\CController.php(257): UserController->runActionWithFilters()
#8 E:\projects\yxbeauty\framework\web\CWebApplication.php(324): UserController->run()
#9 E:\projects\yxbeauty\framework\web\CWebApplication.php(121): CWebApplication->runController()
#10 E:\projects\yxbeauty\framework\base\CApplication.php(135): CWebApplication->processRequest()
#11 E:\projects\yxbeauty\yxbeauty\index.php(13): CWebApplication->run()
REQUEST_URI=/yxbeauty/index.php?r=user/update&id=49
in E:\projects\yxbeauty\yxbeauty\protected\controllers\UserController.php (134)
in E:\projects\yxbeauty\yxbeauty\index.php (13)
2019/07/17 08:34:58 [error] [php] Undefined variable: file_path (E:\projects\yxbeauty\yxbeauty\protected\controllers\UserController.php:138)
Stack trace:
#0 E:\projects\yxbeauty\framework\web\CController.php(300): CInlineAction->run()
#1 E:\projects\yxbeauty\framework\web\filters\CFilterChain.php(133): UserController->runAction()
#2 E:\projects\yxbeauty\framework\web\filters\CFilter.php(41): CFilterChain->run()
#3 E:\projects\yxbeauty\framework\web\CController.php(1084): CAccessControlFilter->filter()
#4 E:\projects\yxbeauty\framework\web\filters\CInlineFilter.php(59): UserController->filterAccessControl()
#5 E:\projects\yxbeauty\framework\web\filters\CFilterChain.php(130): CInlineFilter->filter()
#6 E:\projects\yxbeauty\framework\web\CController.php(283): CFilterChain->run()
#7 E:\projects\yxbeauty\framework\web\CController.php(257): UserController->runActionWithFilters()
#8 E:\projects\yxbeauty\framework\web\CWebApplication.php(324): UserController->run()
#9 E:\projects\yxbeauty\framework\web\CWebApplication.php(121): CWebApplication->runController()
#10 E:\projects\yxbeauty\framework\base\CApplication.php(135): CWebApplication->processRequest()
#11 E:\projects\yxbeauty\yxbeauty\index.php(13): CWebApplication->run()
REQUEST_URI=/yxbeauty/index.php?r=user/update&id=49
in E:\projects\yxbeauty\yxbeauty\protected\controllers\UserController.php (138)
in E:\projects\yxbeauty\yxbeauty\index.php (13)
2019/07/17 08:35:41 [error] [php] Undefined variable: file_path (E:\projects\yxbeauty\yxbeauty\protected\controllers\UserController.php:138)
Stack trace:
#0 E:\projects\yxbeauty\framework\web\CController.php(300): CInlineAction->run()
#1 E:\projects\yxbeauty\framework\web\filters\CFilterChain.php(133): UserController->runAction()
#2 E:\projects\yxbeauty\framework\web\filters\CFilter.php(41): CFilterChain->run()
#3 E:\projects\yxbeauty\framework\web\CController.php(1084): CAccessControlFilter->filter()
#4 E:\projects\yxbeauty\framework\web\filters\CInlineFilter.php(59): UserController->filterAccessControl()
#5 E:\projects\yxbeauty\framework\web\filters\CFilterChain.php(130): CInlineFilter->filter()
#6 E:\projects\yxbeauty\framework\web\CController.php(283): CFilterChain->run()
#7 E:\projects\yxbeauty\framework\web\CController.php(257): UserController->runActionWithFilters()
#8 E:\projects\yxbeauty\framework\web\CWebApplication.php(324): UserController->run()
#9 E:\projects\yxbeauty\framework\web\CWebApplication.php(121): CWebApplication->runController()
#10 E:\projects\yxbeauty\framework\base\CApplication.php(135): CWebApplication->processRequest()
#11 E:\projects\yxbeauty\yxbeauty\index.php(13): CWebApplication->run()
REQUEST_URI=/yxbeauty/index.php?r=user/update&id=49
in E:\projects\yxbeauty\yxbeauty\protected\controllers\UserController.php (138)
in E:\projects\yxbeauty\yxbeauty\index.php (13)
2019/07/17 08:39:36 [error] [php] Undefined variable: file_path (E:\projects\yxbeauty\yxbeauty\protected\controllers\UserController.php:93)
Stack trace:
#0 E:\projects\yxbeauty\framework\web\filters\CFilterChain.php(133): UserController->runAction()
#1 E:\projects\yxbeauty\framework\web\filters\CFilter.php(41): CFilterChain->run()
#2 E:\projects\yxbeauty\framework\web\CController.php(1084): CAccessControlFilter->filter()
#3 E:\projects\yxbeauty\framework\web\filters\CInlineFilter.php(59): UserController->filterAccessControl()
#4 E:\projects\yxbeauty\framework\web\filters\CFilterChain.php(130): CInlineFilter->filter()
#5 E:\projects\yxbeauty\framework\web\CController.php(283): CFilterChain->run()
#6 E:\projects\yxbeauty\framework\web\CController.php(257): UserController->runActionWithFilters()
#7 E:\projects\yxbeauty\framework\web\CWebApplication.php(324): UserController->run()
#8 E:\projects\yxbeauty\framework\web\CWebApplication.php(121): CWebApplication->runController()
#9 E:\projects\yxbeauty\framework\base\CApplication.php(135): CWebApplication->processRequest()
#10 E:\projects\yxbeauty\yxbeauty\index.php(13): CWebApplication->run()
REQUEST_URI=/yxbeauty/index.php?r=user/create
in E:\projects\yxbeauty\yxbeauty\protected\controllers\UserController.php (93)
in E:\projects\yxbeauty\yxbeauty\index.php (13)
